0 info it worked if it ends with ok
1 verbose cli [ 'C:\\bin\\nodejs\\node.exe',
1 verbose cli   'C:\\bin\\nodejs\\node_modules\\npm\\bin\\npm-cli.js',
1 verbose cli   'run',
1 verbose cli   'webpack' ]
2 info using npm@2.14.4
3 info using node@v4.1.2
4 verbose stack Error: missing script: webpack
4 verbose stack     at run (C:\bin\nodejs\node_modules\npm\lib\run-script.js:142:19)
4 verbose stack     at C:\bin\nodejs\node_modules\npm\lib\run-script.js:58:5
4 verbose stack     at C:\bin\nodejs\node_modules\npm\node_modules\read-package-json\read-json.js:345:5
4 verbose stack     at checkBinReferences_ (C:\bin\nodejs\node_modules\npm\node_modules\read-package-json\read-json.js:309:45)
4 verbose stack     at final (C:\bin\nodejs\node_modules\npm\node_modules\read-package-json\read-json.js:343:3)
4 verbose stack     at then (C:\bin\nodejs\node_modules\npm\node_modules\read-package-json\read-json.js:113:5)
4 verbose stack     at C:\bin\nodejs\node_modules\npm\node_modules\read-package-json\read-json.js:300:12
4 verbose stack     at C:\bin\nodejs\node_modules\npm\node_modules\graceful-fs\graceful-fs.js:76:16
4 verbose stack     at FSReqWrap.readFileAfterClose [as oncomplete] (fs.js:380:3)
5 verbose cwd G:\data\projects\hlviewer.js
6 error Windows_NT 6.1.7601
7 error argv "C:\\bin\\nodejs\\node.exe" "C:\\bin\\nodejs\\node_modules\\npm\\bin\\npm-cli.js" "run" "webpack"
8 error node v4.1.2
9 error npm  v2.14.4
10 error missing script: webpack
11 error If you need help, you may report this error at:
11 error     <https://github.com/npm/npm/issues>
12 verbose exit [ 1, true ]
